2024-02-19 19:13:41,693 INFO ru.jenningc.tasktracker.TaskTrackerApplication [main] Starting TaskTrackerApplication using Java 21.0.1 with PID 63260 (/Users/jenningc/Downloads/TaskTracker/target/classes started by jenningc in /Users/jenningc/Downloads/TaskTracker)
2024-02-19 19:13:41,694 INFO ru.jenningc.tasktracker.TaskTrackerApplication [main] No active profile set, falling back to 1 default profile: "default"
2024-02-19 19:13:42,155 INFO org.springframework.data.repository.config.RepositoryConfigurationDelegate [main] Bootstrapping Spring Data JPA repositories in DEFAULT mode.
2024-02-19 19:13:42,196 INFO org.springframework.data.repository.config.RepositoryConfigurationDelegate [main] Finished Spring Data repository scanning in 34 ms. Found 3 JPA repository interfaces.
2024-02-19 19:13:42,587 INFO org.springframework.boot.web.embedded.tomcat.TomcatWebServer [main] Tomcat initialized with port 8080 (http)
2024-02-19 19:13:42,601 INFO org.apache.coyote.http11.Http11NioProtocol [main] Initializing ProtocolHandler ["http-nio-8080"]
2024-02-19 19:13:42,602 INFO org.apache.catalina.core.StandardService [main] Starting service [Tomcat]
2024-02-19 19:13:42,602 INFO org.apache.catalina.core.StandardEngine [main] Starting Servlet engine: [Apache Tomcat/10.1.18]
2024-02-19 19:13:42,643 INFO org.apache.catalina.core.ContainerBase.[Tomcat].[localhost].[/] [main] Initializing Spring embedded WebApplicationContext
2024-02-19 19:13:42,644 INFO org.springframework.boot.web.servlet.context.ServletWebServerApplicationContext [main] Root WebApplicationContext: initialization completed in 914 ms
2024-02-19 19:13:42,756 INFO org.hibernate.jpa.internal.util.LogHelper [main] HHH000204: Processing PersistenceUnitInfo [name: default]
2024-02-19 19:13:42,790 INFO org.hibernate.Version [main] HHH000412: Hibernate ORM core version 6.4.1.Final
2024-02-19 19:13:42,811 INFO org.hibernate.cache.internal.RegionFactoryInitiator [main] HHH000026: Second-level cache disabled
2024-02-19 19:13:42,988 INFO org.springframework.orm.jpa.persistenceunit.SpringPersistenceUnitInfo [main] No LoadTimeWeaver setup: ignoring JPA class transformer
2024-02-19 19:13:43,006 INFO com.zaxxer.hikari.HikariDataSource [main] HikariPool-1 - Starting...
2024-02-19 19:13:43,090 INFO com.zaxxer.hikari.pool.HikariPool [main] HikariPool-1 - Added connection org.postgresql.jdbc.PgConnection@54329480
2024-02-19 19:13:43,091 INFO com.zaxxer.hikari.HikariDataSource [main] HikariPool-1 - Start completed.
2024-02-19 19:13:43,760 INFO org.hibernate.engine.transaction.jta.platform.internal.JtaPlatformInitiator [main] HHH000489: No JTA platform available (set 'hibernate.transaction.jta.platform' to enable JTA platform integration)
2024-02-19 19:13:43,819 INFO org.springframework.orm.jpa.LocalContainerEntityManagerFactoryBean [main] Initialized JPA EntityManagerFactory for persistence unit 'default'
2024-02-19 19:13:44,164 WARN org.springframework.boot.autoconfigure.orm.jpa.JpaBaseConfiguration$JpaWebConfiguration [main] spring.jpa.open-in-view is enabled by default. Therefore, database queries may be performed during view rendering. Explicitly configure spring.jpa.open-in-view to disable this warning
2024-02-19 19:13:44,405 INFO org.apache.coyote.http11.Http11NioProtocol [main] Starting ProtocolHandler ["http-nio-8080"]
2024-02-19 19:13:44,421 INFO org.springframework.boot.web.embedded.tomcat.TomcatWebServer [main] Tomcat started on port 8080 (http) with context path ''
2024-02-19 19:13:44,427 INFO ru.jenningc.tasktracker.TaskTrackerApplication [main] Started TaskTrackerApplication in 2.991 seconds (process running for 3.859)
2024-02-19 19:13:49,261 INFO org.springframework.orm.jpa.LocalContainerEntityManagerFactoryBean [SpringApplicationShutdownHook] Closing JPA EntityManagerFactory for persistence unit 'default'
2024-02-19 19:13:49,268 INFO com.zaxxer.hikari.HikariDataSource [SpringApplicationShutdownHook] HikariPool-1 - Shutdown initiated...
2024-02-19 19:13:49,272 INFO com.zaxxer.hikari.HikariDataSource [SpringApplicationShutdownHook] HikariPool-1 - Shutdown completed.
